[2025-12-07 21:28:27] [INFO] 仓库安全权限配置完成
[2025-12-07 21:28:27] [INFO] 文件未发生变更，无需同步
[2025-12-07 21:38:27] 自动设置HOME环境变量为: /root
[2025-12-07 21:38:27] 详细日志行数超限，已截断为999行
[2025-12-07 21:38:27] [INFO] 基础路径检查通过
[2025-12-07 21:38:27] [INFO] 文件大小校验通过（96211字节 ≥ 10字节）
[2025-12-07 21:38:27] [INFO] 文件内容校验通过（有效行数：927行）
[2025-12-07 21:38:27] [INFO] 仓库安全权限配置完成
[2025-12-07 21:38:27] [INFO] 文件未发生变更，无需同步
[2025-12-07 21:48:27] 自动设置HOME环境变量为: /root
[2025-12-07 21:48:27] 详细日志行数超限，已截断为999行
[2025-12-07 21:48:27] [INFO] 基础路径检查通过
[2025-12-07 21:48:27] [INFO] 文件大小校验通过（96211字节 ≥ 10字节）
[2025-12-07 21:48:27] [INFO] 文件内容校验通过（有效行数：927行）
[2025-12-07 21:48:27] [INFO] 仓库安全权限配置完成
[2025-12-07 21:48:27] [INFO] 文件未发生变更，无需同步
[2025-12-07 21:58:27] 自动设置HOME环境变量为: /root
[2025-12-07 21:58:27] 详细日志行数超限，已截断为999行
[2025-12-07 21:58:27] [INFO] 基础路径检查通过
[2025-12-07 21:58:27] [INFO] 文件大小校验通过（96211字节 ≥ 10字节）
[2025-12-07 21:58:27] [INFO] 文件内容校验通过（有效行数：927行）
[2025-12-07 21:58:27] [INFO] 仓库安全权限配置完成
[2025-12-07 21:58:27] [INFO] 文件未发生变更，无需同步
[2025-12-07 22:08:27] 自动设置HOME环境变量为: /root
[2025-12-07 22:08:27] 详细日志行数超限，已截断为999行
[2025-12-07 22:08:27] [INFO] 基础路径检查通过
[2025-12-07 22:08:27] [INFO] 文件大小校验通过（96211字节 ≥ 10字节）
[2025-12-07 22:08:27] [INFO] 文件内容校验通过（有效行数：927行）
[2025-12-07 22:08:27] [INFO] 仓库安全权限配置完成
[2025-12-07 22:08:27] [INFO] 文件未发生变更，无需同步
[2025-12-07 22:18:27] 自动设置HOME环境变量为: /root
[2025-12-07 22:18:27] 详细日志行数超限，已截断为999行
[2025-12-07 22:18:27] [INFO] 基础路径检查通过
[2025-12-07 22:18:27] [INFO] 文件大小校验通过（96211字节 ≥ 10字节）
[2025-12-07 22:18:27] [INFO] 文件内容校验通过（有效行数：927行）
[2025-12-07 22:18:27] [INFO] 仓库安全权限配置完成
[2025-12-07 22:18:27] [INFO] 文件未发生变更，无需同步
[2025-12-07 22:28:27] 自动设置HOME环境变量为: /root
[2025-12-07 22:28:27] 详细日志行数超限，已截断为999行
[2025-12-07 22:28:27] [INFO] 基础路径检查通过
[2025-12-07 22:28:27] [INFO] 文件大小校验通过（96211字节 ≥ 10字节）
[2025-12-07 22:28:27] [INFO] 文件内容校验通过（有效行数：927行）
[2025-12-07 22:28:27] [INFO] 仓库安全权限配置完成
[2025-12-07 22:28:27] [INFO] 文件未发生变更，无需同步
[2025-12-07 22:38:27] 自动设置HOME环境变量为: /root
[2025-12-07 22:38:27] 详细日志行数超限，已截断为999行
[2025-12-07 22:38:27] [INFO] 基础路径检查通过
[2025-12-07 22:38:27] [INFO] 文件大小校验通过（96211字节 ≥ 10字节）
[2025-12-07 22:38:27] [INFO] 文件内容校验通过（有效行数：927行）
[2025-12-07 22:38:27] [INFO] 仓库安全权限配置完成
[2025-12-07 22:38:27] [INFO] 文件未发生变更，无需同步
[2025-12-07 22:48:27] 自动设置HOME环境变量为: /root
[2025-12-07 22:48:27] 详细日志行数超限，已截断为999行
[2025-12-07 22:48:27] [INFO] 基础路径检查通过
[2025-12-07 22:48:27] [INFO] 文件大小校验通过（96211字节 ≥ 10字节）
[2025-12-07 22:48:27] [INFO] 文件内容校验通过（有效行数：927行）
[2025-12-07 22:48:27] [INFO] 仓库安全权限配置完成
[2025-12-07 22:48:27] [INFO] 文件未发生变更，无需同步
[2025-12-07 22:58:27] 自动设置HOME环境变量为: /root
[2025-12-07 22:58:27] 详细日志行数超限，已截断为999行
[2025-12-07 22:58:27] [INFO] 基础路径检查通过
[2025-12-07 22:58:27] [INFO] 文件大小校验通过（96211字节 ≥ 10字节）
[2025-12-07 22:58:27] [INFO] 文件内容校验通过（有效行数：927行）
[2025-12-07 22:58:27] [INFO] 仓库安全权限配置完成
[2025-12-07 22:58:27] [INFO] 文件未发生变更，无需同步
[2025-12-07 23:08:27] 自动设置HOME环境变量为: /root
[2025-12-07 23:08:27] 详细日志行数超限，已截断为999行
[2025-12-07 23:08:27] [INFO] 基础路径检查通过
[2025-12-07 23:08:27] [INFO] 文件大小校验通过（96211字节 ≥ 10字节）
[2025-12-07 23:08:27] [INFO] 文件内容校验通过（有效行数：927行）
[2025-12-07 23:08:27] [INFO] 仓库安全权限配置完成
[2025-12-07 23:08:27] [INFO] 文件未发生变更，无需同步
[2025-12-07 23:18:27] 自动设置HOME环境变量为: /root
[2025-12-07 23:18:27] 详细日志行数超限，已截断为999行
[2025-12-07 23:18:27] [INFO] 基础路径检查通过
[2025-12-07 23:18:27] [INFO] 文件大小校验通过（96211字节 ≥ 10字节）
[2025-12-07 23:18:27] [INFO] 文件内容校验通过（有效行数：927行）
[2025-12-07 23:18:27] [INFO] 仓库安全权限配置完成
[2025-12-07 23:18:27] [INFO] 文件未发生变更，无需同步
[2025-12-07 23:28:27] 自动设置HOME环境变量为: /root
[2025-12-07 23:28:27] 详细日志行数超限，已截断为999行
[2025-12-07 23:28:27] [INFO] 基础路径检查通过
[2025-12-07 23:28:27] [INFO] 文件大小校验通过（96211字节 ≥ 10字节）
[2025-12-07 23:28:27] [INFO] 文件内容校验通过（有效行数：927行）
[2025-12-07 23:28:27] [INFO] 仓库安全权限配置完成
[2025-12-07 23:28:27] [INFO] 文件未发生变更，无需同步
[2025-12-07 23:38:27] 自动设置HOME环境变量为: /root
[2025-12-07 23:38:27] 详细日志行数超限，已截断为999行
[2025-12-07 23:38:27] [INFO] 基础路径检查通过
[2025-12-07 23:38:27] [INFO] 文件大小校验通过（96211字节 ≥ 10字节）
[2025-12-07 23:38:27] [INFO] 文件内容校验通过（有效行数：927行）
[2025-12-07 23:38:27] [INFO] 仓库安全权限配置完成
[2025-12-07 23:38:27] [INFO] 文件未发生变更，无需同步
[2025-12-07 23:48:27] 自动设置HOME环境变量为: /root
[2025-12-07 23:48:27] 详细日志行数超限，已截断为999行
[2025-12-07 23:48:27] [INFO] 基础路径检查通过
[2025-12-07 23:48:27] [INFO] 文件大小校验通过（96211字节 ≥ 10字节）
[2025-12-07 23:48:27] [INFO] 文件内容校验通过（有效行数：927行）
[2025-12-07 23:48:27] [INFO] 仓库安全权限配置完成
[2025-12-07 23:48:27] [INFO] 文件未发生变更，无需同步
[2025-12-07 23:58:27] 自动设置HOME环境变量为: /root
[2025-12-07 23:58:27] 详细日志行数超限，已截断为999行
[2025-12-07 23:58:27] [INFO] 基础路径检查通过
[2025-12-07 23:58:27] [INFO] 文件大小校验通过（96211字节 ≥ 10字节）
[2025-12-07 23:58:27] [INFO] 文件内容校验通过（有效行数：927行）
[2025-12-07 23:58:27] [INFO] 仓库安全权限配置完成
[2025-12-07 23:58:27] [INFO] 文件未发生变更，无需同步
[2025-12-08 00:08:27] 自动设置HOME环境变量为: /root
[2025-12-08 00:08:27] 详细日志行数超限，已截断为999行
[2025-12-08 00:08:27] [INFO] 基础路径检查通过
[2025-12-08 00:08:27] [INFO] 文件大小校验通过（96211字节 ≥ 10字节）
[2025-12-08 00:08:27] [INFO] 文件内容校验通过（有效行数：927行）
[2025-12-08 00:08:27] [INFO] 仓库安全权限配置完成
[2025-12-08 00:08:27] [INFO] 文件未发生变更，无需同步
[2025-12-08 00:18:27] 自动设置HOME环境变量为: /root
[2025-12-08 00:18:27] 详细日志行数超限，已截断为999行
[2025-12-08 00:18:27] [INFO] 基础路径检查通过
[2025-12-08 00:18:27] [INFO] 文件大小校验通过（96211字节 ≥ 10字节）
[2025-12-08 00:18:27] [INFO] 文件内容校验通过（有效行数：927行）
[2025-12-08 00:18:27] [INFO] 仓库安全权限配置完成
[2025-12-08 00:18:27] [INFO] 文件未发生变更，无需同步
[2025-12-08 00:28:27] 自动设置HOME环境变量为: /root
[2025-12-08 00:28:27] 详细日志行数超限，已截断为999行
[2025-12-08 00:28:27] [INFO] 基础路径检查通过
[2025-12-08 00:28:27] [INFO] 文件大小校验通过（96211字节 ≥ 10字节）
[2025-12-08 00:28:27] [INFO] 文件内容校验通过（有效行数：927行）
[2025-12-08 00:28:27] [INFO] 仓库安全权限配置完成
[2025-12-08 00:28:27] [INFO] 文件未发生变更，无需同步
[2025-12-08 00:38:27] 自动设置HOME环境变量为: /root
[2025-12-08 00:38:27] 详细日志行数超限，已截断为999行
[2025-12-08 00:38:27] [INFO] 基础路径检查通过
[2025-12-08 00:38:27] [INFO] 文件大小校验通过（96211字节 ≥ 10字节）
[2025-12-08 00:38:27] [INFO] 文件内容校验通过（有效行数：927行）
[2025-12-08 00:38:27] [INFO] 仓库安全权限配置完成
[2025-12-08 00:38:27] [INFO] 文件未发生变更，无需同步
[2025-12-08 00:48:27] 自动设置HOME环境变量为: /root
[2025-12-08 00:48:27] 详细日志行数超限，已截断为999行
[2025-12-08 00:48:27] [INFO] 基础路径检查通过
[2025-12-08 00:48:27] [INFO] 文件大小校验通过（96211字节 ≥ 10字节）
[2025-12-08 00:48:27] [INFO] 文件内容校验通过（有效行数：927行）
[2025-12-08 00:48:27] [INFO] 仓库安全权限配置完成
[2025-12-08 00:48:27] [INFO] 文件未发生变更，无需同步
[2025-12-08 00:58:27] 自动设置HOME环境变量为: /root
[2025-12-08 00:58:27] 详细日志行数超限，已截断为999行
[2025-12-08 00:58:27] [INFO] 基础路径检查通过
[2025-12-08 00:58:27] [INFO] 文件大小校验通过（96211字节 ≥ 10字节）
[2025-12-08 00:58:27] [INFO] 文件内容校验通过（有效行数：927行）
[2025-12-08 00:58:27] [INFO] 仓库安全权限配置完成
[2025-12-08 00:58:27] [INFO] 文件未发生变更，无需同步
[2025-12-08 01:08:27] 自动设置HOME环境变量为: /root
[2025-12-08 01:08:27] 详细日志行数超限，已截断为999行
[2025-12-08 01:08:27] [INFO] 基础路径检查通过
[2025-12-08 01:08:27] [INFO] 文件大小校验通过（96211字节 ≥ 10字节）
[2025-12-08 01:08:27] [INFO] 文件内容校验通过（有效行数：927行）
[2025-12-08 01:08:27] [INFO] 仓库安全权限配置完成
[2025-12-08 01:08:27] [INFO] 文件未发生变更，无需同步
[2025-12-08 01:18:27] 自动设置HOME环境变量为: /root
[2025-12-08 01:18:27] 详细日志行数超限，已截断为999行
[2025-12-08 01:18:27] [INFO] 基础路径检查通过
[2025-12-08 01:18:27] [INFO] 文件大小校验通过（96211字节 ≥ 10字节）
[2025-12-08 01:18:27] [INFO] 文件内容校验通过（有效行数：927行）
[2025-12-08 01:18:27] [INFO] 仓库安全权限配置完成
[2025-12-08 01:18:27] [INFO] 文件未发生变更，无需同步
[2025-12-08 01:28:27] 自动设置HOME环境变量为: /root
[2025-12-08 01:28:27] 详细日志行数超限，已截断为999行
[2025-12-08 01:28:27] [INFO] 基础路径检查通过
[2025-12-08 01:28:27] [INFO] 文件大小校验通过（96211字节 ≥ 10字节）
[2025-12-08 01:28:27] [INFO] 文件内容校验通过（有效行数：927行）
[2025-12-08 01:28:27] [INFO] 仓库安全权限配置完成
[2025-12-08 01:28:27] [INFO] 文件未发生变更，无需同步
[2025-12-08 01:38:27] 自动设置HOME环境变量为: /root
[2025-12-08 01:38:27] 详细日志行数超限，已截断为999行
[2025-12-08 01:38:27] [INFO] 基础路径检查通过
[2025-12-08 01:38:27] [INFO] 文件大小校验通过（96211字节 ≥ 10字节）
[2025-12-08 01:38:27] [INFO] 文件内容校验通过（有效行数：927行）
[2025-12-08 01:38:27] [INFO] 仓库安全权限配置完成
[2025-12-08 01:38:27] [INFO] 文件未发生变更，无需同步
[2025-12-08 01:48:27] 自动设置HOME环境变量为: /root
[2025-12-08 01:48:27] 详细日志行数超限，已截断为999行
[2025-12-08 01:48:27] [INFO] 基础路径检查通过
[2025-12-08 01:48:27] [INFO] 文件大小校验通过（96211字节 ≥ 10字节）
[2025-12-08 01:48:27] [INFO] 文件内容校验通过（有效行数：927行）
[2025-12-08 01:48:27] [INFO] 仓库安全权限配置完成
[2025-12-08 01:48:27] [INFO] 文件未发生变更，无需同步
[2025-12-08 01:58:27] 自动设置HOME环境变量为: /root
[2025-12-08 01:58:27] 详细日志行数超限，已截断为999行
[2025-12-08 01:58:27] [INFO] 基础路径检查通过
[2025-12-08 01:58:27] [INFO] 文件大小校验通过（96211字节 ≥ 10字节）
[2025-12-08 01:58:27] [INFO] 文件内容校验通过（有效行数：927行）
[2025-12-08 01:58:27] [INFO] 仓库安全权限配置完成
[2025-12-08 01:58:27] [INFO] 文件未发生变更，无需同步
[2025-12-08 02:08:27] 自动设置HOME环境变量为: /root
[2025-12-08 02:08:27] 详细日志行数超限，已截断为999行
[2025-12-08 02:08:27] [INFO] 基础路径检查通过
[2025-12-08 02:08:27] [INFO] 文件大小校验通过（96211字节 ≥ 10字节）
[2025-12-08 02:08:27] [INFO] 文件内容校验通过（有效行数：927行）
[2025-12-08 02:08:27] [INFO] 仓库安全权限配置完成
[2025-12-08 02:08:27] [INFO] 文件未发生变更，无需同步
[2025-12-08 02:18:27] 自动设置HOME环境变量为: /root
[2025-12-08 02:18:27] 详细日志行数超限，已截断为999行
[2025-12-08 02:18:27] [INFO] 基础路径检查通过
[2025-12-08 02:18:27] [INFO] 文件大小校验通过（96211字节 ≥ 10字节）
[2025-12-08 02:18:27] [INFO] 文件内容校验通过（有效行数：927行）
[2025-12-08 02:18:27] [INFO] 仓库安全权限配置完成
[2025-12-08 02:18:27] [INFO] 文件未发生变更，无需同步
[2025-12-08 02:28:27] 自动设置HOME环境变量为: /root
[2025-12-08 02:28:27] 详细日志行数超限，已截断为999行
[2025-12-08 02:28:27] [INFO] 基础路径检查通过
[2025-12-08 02:28:27] [INFO] 文件大小校验通过（96211字节 ≥ 10字节）
[2025-12-08 02:28:27] [INFO] 文件内容校验通过（有效行数：927行）
[2025-12-08 02:28:27] [INFO] 仓库安全权限配置完成
[2025-12-08 02:28:27] [INFO] 文件未发生变更，无需同步
[2025-12-08 02:38:27] 自动设置HOME环境变量为: /root
[2025-12-08 02:38:27] 详细日志行数超限，已截断为999行
[2025-12-08 02:38:27] [INFO] 基础路径检查通过
[2025-12-08 02:38:27] [INFO] 文件大小校验通过（96211字节 ≥ 10字节）
[2025-12-08 02:38:27] [INFO] 文件内容校验通过（有效行数：927行）
[2025-12-08 02:38:27] [INFO] 仓库安全权限配置完成
[2025-12-08 02:38:27] [INFO] 文件未发生变更，无需同步
[2025-12-08 02:48:27] 自动设置HOME环境变量为: /root
[2025-12-08 02:48:27] 详细日志行数超限，已截断为999行
[2025-12-08 02:48:27] [INFO] 基础路径检查通过
[2025-12-08 02:48:27] [INFO] 文件大小校验通过（96211字节 ≥ 10字节）
[2025-12-08 02:48:27] [INFO] 文件内容校验通过（有效行数：927行）
[2025-12-08 02:48:27] [INFO] 仓库安全权限配置完成
[2025-12-08 02:48:27] [INFO] 文件未发生变更，无需同步
[2025-12-08 02:58:27] 自动设置HOME环境变量为: /root
[2025-12-08 02:58:27] 详细日志行数超限，已截断为999行
[2025-12-08 02:58:27] [INFO] 基础路径检查通过
[2025-12-08 02:58:27] [INFO] 文件大小校验通过（96211字节 ≥ 10字节）
[2025-12-08 02:58:27] [INFO] 文件内容校验通过（有效行数：927行）
[2025-12-08 02:58:27] [INFO] 仓库安全权限配置完成
[2025-12-08 02:58:27] [INFO] 文件未发生变更，无需同步
[2025-12-08 03:08:27] 自动设置HOME环境变量为: /root
[2025-12-08 03:08:27] 详细日志行数超限，已截断为999行
[2025-12-08 03:08:27] [INFO] 基础路径检查通过
[2025-12-08 03:08:27] [INFO] 文件大小校验通过（96211字节 ≥ 10字节）
[2025-12-08 03:08:27] [INFO] 文件内容校验通过（有效行数：927行）
[2025-12-08 03:08:27] [INFO] 仓库安全权限配置完成
[2025-12-08 03:08:27] [INFO] 文件未发生变更，无需同步
[2025-12-08 03:18:27] 自动设置HOME环境变量为: /root
[2025-12-08 03:18:27] 详细日志行数超限，已截断为999行
[2025-12-08 03:18:27] [INFO] 基础路径检查通过
[2025-12-08 03:18:27] [INFO] 文件大小校验通过（96211字节 ≥ 10字节）
[2025-12-08 03:18:27] [INFO] 文件内容校验通过（有效行数：927行）
[2025-12-08 03:18:27] [INFO] 仓库安全权限配置完成
[2025-12-08 03:18:27] [INFO] 文件未发生变更，无需同步
[2025-12-08 03:28:27] 自动设置HOME环境变量为: /root
[2025-12-08 03:28:27] 详细日志行数超限，已截断为999行
[2025-12-08 03:28:27] [INFO] 基础路径检查通过
[2025-12-08 03:28:27] [INFO] 文件大小校验通过（96211字节 ≥ 10字节）
[2025-12-08 03:28:27] [INFO] 文件内容校验通过（有效行数：927行）
[2025-12-08 03:28:27] [INFO] 仓库安全权限配置完成
[2025-12-08 03:28:27] [INFO] 文件未发生变更，无需同步
[2025-12-08 03:38:27] 自动设置HOME环境变量为: /root
[2025-12-08 03:38:27] 详细日志行数超限，已截断为999行
[2025-12-08 03:38:27] [INFO] 基础路径检查通过
[2025-12-08 03:38:27] [INFO] 文件大小校验通过（96211字节 ≥ 10字节）
[2025-12-08 03:38:27] [INFO] 文件内容校验通过（有效行数：927行）
[2025-12-08 03:38:27] [INFO] 仓库安全权限配置完成
[2025-12-08 03:38:27] [INFO] 文件未发生变更，无需同步
[2025-12-08 03:48:27] 自动设置HOME环境变量为: /root
[2025-12-08 03:48:27] 详细日志行数超限，已截断为999行
[2025-12-08 03:48:27] [INFO] 基础路径检查通过
[2025-12-08 03:48:27] [INFO] 文件大小校验通过（96211字节 ≥ 10字节）
[2025-12-08 03:48:27] [INFO] 文件内容校验通过（有效行数：927行）
[2025-12-08 03:48:27] [INFO] 仓库安全权限配置完成
[2025-12-08 03:48:27] [INFO] 文件未发生变更，无需同步
[2025-12-08 03:58:27] 自动设置HOME环境变量为: /root
[2025-12-08 03:58:27] 详细日志行数超限，已截断为999行
[2025-12-08 03:58:27] [INFO] 基础路径检查通过
[2025-12-08 03:58:27] [INFO] 文件大小校验通过（96211字节 ≥ 10字节）
[2025-12-08 03:58:27] [INFO] 文件内容校验通过（有效行数：927行）
[2025-12-08 03:58:27] [INFO] 仓库安全权限配置完成
[2025-12-08 03:58:27] [INFO] 文件未发生变更，无需同步
[2025-12-08 04:08:27] 自动设置HOME环境变量为: /root
[2025-12-08 04:08:27] 详细日志行数超限，已截断为999行
[2025-12-08 04:08:27] [INFO] 基础路径检查通过
[2025-12-08 04:08:27] [INFO] 文件大小校验通过（96211字节 ≥ 10字节）
[2025-12-08 04:08:27] [INFO] 文件内容校验通过（有效行数：927行）
[2025-12-08 04:08:27] [INFO] 仓库安全权限配置完成
[2025-12-08 04:08:27] [INFO] 文件未发生变更，无需同步
[2025-12-08 04:18:27] 自动设置HOME环境变量为: /root
[2025-12-08 04:18:27] 详细日志行数超限，已截断为999行
[2025-12-08 04:18:27] [INFO] 基础路径检查通过
[2025-12-08 04:18:27] [INFO] 文件大小校验通过（96211字节 ≥ 10字节）
[2025-12-08 04:18:27] [INFO] 文件内容校验通过（有效行数：927行）
[2025-12-08 04:18:27] [INFO] 仓库安全权限配置完成
[2025-12-08 04:18:27] [INFO] 文件未发生变更，无需同步
[2025-12-08 04:28:27] 自动设置HOME环境变量为: /root
[2025-12-08 04:28:27] 详细日志行数超限，已截断为999行
[2025-12-08 04:28:27] [INFO] 基础路径检查通过
[2025-12-08 04:28:27] [INFO] 文件大小校验通过（96211字节 ≥ 10字节）
[2025-12-08 04:28:27] [INFO] 文件内容校验通过（有效行数：927行）
[2025-12-08 04:28:27] [INFO] 仓库安全权限配置完成
[2025-12-08 04:28:27] [INFO] 文件未发生变更，无需同步
[2025-12-08 04:38:27] 自动设置HOME环境变量为: /root
[2025-12-08 04:38:27] 详细日志行数超限，已截断为999行
[2025-12-08 04:38:27] [INFO] 基础路径检查通过
[2025-12-08 04:38:27] [INFO] 文件大小校验通过（96211字节 ≥ 10字节）
[2025-12-08 04:38:27] [INFO] 文件内容校验通过（有效行数：927行）
[2025-12-08 04:38:27] [INFO] 仓库安全权限配置完成
[2025-12-08 04:38:27] [INFO] 文件未发生变更，无需同步
[2025-12-08 04:48:27] 自动设置HOME环境变量为: /root
[2025-12-08 04:48:27] 详细日志行数超限，已截断为999行
[2025-12-08 04:48:27] [INFO] 基础路径检查通过
[2025-12-08 04:48:27] [INFO] 文件大小校验通过（96211字节 ≥ 10字节）
[2025-12-08 04:48:27] [INFO] 文件内容校验通过（有效行数：927行）
[2025-12-08 04:48:27] [INFO] 仓库安全权限配置完成
[2025-12-08 04:48:27] [INFO] 文件未发生变更，无需同步
[2025-12-08 04:58:27] 自动设置HOME环境变量为: /root
[2025-12-08 04:58:27] 详细日志行数超限，已截断为999行
[2025-12-08 04:58:27] [INFO] 基础路径检查通过
[2025-12-08 04:58:27] [INFO] 文件大小校验通过（96211字节 ≥ 10字节）
[2025-12-08 04:58:27] [INFO] 文件内容校验通过（有效行数：927行）
[2025-12-08 04:58:27] [INFO] 仓库安全权限配置完成
[2025-12-08 04:58:27] [INFO] 文件未发生变更，无需同步
[2025-12-08 05:08:27] 自动设置HOME环境变量为: /root
[2025-12-08 05:08:27] 详细日志行数超限，已截断为999行
[2025-12-08 05:08:27] [INFO] 基础路径检查通过
[2025-12-08 05:08:27] [INFO] 文件大小校验通过（96211字节 ≥ 10字节）
[2025-12-08 05:08:27] [INFO] 文件内容校验通过（有效行数：927行）
[2025-12-08 05:08:27] [INFO] 仓库安全权限配置完成
[2025-12-08 05:08:27] [INFO] 文件未发生变更，无需同步
[2025-12-08 05:18:27] 自动设置HOME环境变量为: /root
[2025-12-08 05:18:27] 详细日志行数超限，已截断为999行
[2025-12-08 05:18:27] [INFO] 基础路径检查通过
[2025-12-08 05:18:27] [INFO] 文件大小校验通过（96211字节 ≥ 10字节）
[2025-12-08 05:18:27] [INFO] 文件内容校验通过（有效行数：927行）
[2025-12-08 05:18:27] [INFO] 仓库安全权限配置完成
[2025-12-08 05:18:27] [INFO] 文件未发生变更，无需同步
[2025-12-08 05:28:27] 自动设置HOME环境变量为: /root
[2025-12-08 05:28:27] 详细日志行数超限，已截断为999行
[2025-12-08 05:28:27] [INFO] 基础路径检查通过
[2025-12-08 05:28:27] [INFO] 文件大小校验通过（96211字节 ≥ 10字节）
[2025-12-08 05:28:27] [INFO] 文件内容校验通过（有效行数：927行）
[2025-12-08 05:28:27] [INFO] 仓库安全权限配置完成
[2025-12-08 05:28:27] [INFO] 文件未发生变更，无需同步
[2025-12-08 05:38:27] 自动设置HOME环境变量为: /root
[2025-12-08 05:38:27] 详细日志行数超限，已截断为999行
[2025-12-08 05:38:27] [INFO] 基础路径检查通过
[2025-12-08 05:38:27] [INFO] 文件大小校验通过（96211字节 ≥ 10字节）
[2025-12-08 05:38:27] [INFO] 文件内容校验通过（有效行数：927行）
[2025-12-08 05:38:27] [INFO] 仓库安全权限配置完成
[2025-12-08 05:38:27] [INFO] 文件未发生变更，无需同步
[2025-12-08 05:48:27] 自动设置HOME环境变量为: /root
[2025-12-08 05:48:27] 详细日志行数超限，已截断为999行
[2025-12-08 05:48:27] [INFO] 基础路径检查通过
[2025-12-08 05:48:27] [INFO] 文件大小校验通过（96211字节 ≥ 10字节）
[2025-12-08 05:48:27] [INFO] 文件内容校验通过（有效行数：927行）
[2025-12-08 05:48:27] [INFO] 仓库安全权限配置完成
[2025-12-08 05:48:27] [INFO] 文件未发生变更，无需同步
[2025-12-08 05:58:27] 自动设置HOME环境变量为: /root
[2025-12-08 05:58:27] 详细日志行数超限，已截断为999行
[2025-12-08 05:58:27] [INFO] 基础路径检查通过
[2025-12-08 05:58:27] [INFO] 文件大小校验通过（96211字节 ≥ 10字节）
[2025-12-08 05:58:27] [INFO] 文件内容校验通过（有效行数：927行）
[2025-12-08 05:58:27] [INFO] 仓库安全权限配置完成
[2025-12-08 05:58:27] [INFO] 文件未发生变更，无需同步
[2025-12-08 06:08:27] 自动设置HOME环境变量为: /root
[2025-12-08 06:08:27] 详细日志行数超限，已截断为999行
[2025-12-08 06:08:27] [INFO] 基础路径检查通过
[2025-12-08 06:08:27] [INFO] 文件大小校验通过（96211字节 ≥ 10字节）
[2025-12-08 06:08:27] [INFO] 文件内容校验通过（有效行数：927行）
[2025-12-08 06:08:27] [INFO] 仓库安全权限配置完成
[2025-12-08 06:08:27] [INFO] 文件未发生变更，无需同步
[2025-12-08 06:18:27] 自动设置HOME环境变量为: /root
[2025-12-08 06:18:27] 详细日志行数超限，已截断为999行
[2025-12-08 06:18:27] [INFO] 基础路径检查通过
[2025-12-08 06:18:27] [INFO] 文件大小校验通过（96211字节 ≥ 10字节）
[2025-12-08 06:18:27] [INFO] 文件内容校验通过（有效行数：927行）
[2025-12-08 06:18:27] [INFO] 仓库安全权限配置完成
[2025-12-08 06:18:27] [INFO] 文件未发生变更，无需同步
[2025-12-08 06:28:27] 自动设置HOME环境变量为: /root
[2025-12-08 06:28:27] 详细日志行数超限，已截断为999行
[2025-12-08 06:28:27] [INFO] 基础路径检查通过
[2025-12-08 06:28:27] [INFO] 文件大小校验通过（96211字节 ≥ 10字节）
[2025-12-08 06:28:27] [INFO] 文件内容校验通过（有效行数：927行）
[2025-12-08 06:28:27] [INFO] 仓库安全权限配置完成
[2025-12-08 06:28:27] [INFO] 文件未发生变更，无需同步
[2025-12-08 06:38:27] 自动设置HOME环境变量为: /root
[2025-12-08 06:38:27] 详细日志行数超限，已截断为999行
[2025-12-08 06:38:27] [INFO] 基础路径检查通过
[2025-12-08 06:38:27] [INFO] 文件大小校验通过（96211字节 ≥ 10字节）
[2025-12-08 06:38:27] [INFO] 文件内容校验通过（有效行数：927行）
[2025-12-08 06:38:27] [INFO] 仓库安全权限配置完成
[2025-12-08 06:38:27] [INFO] 文件未发生变更，无需同步
[2025-12-08 06:48:27] 自动设置HOME环境变量为: /root
[2025-12-08 06:48:27] 详细日志行数超限，已截断为999行
[2025-12-08 06:48:27] [INFO] 基础路径检查通过
[2025-12-08 06:48:27] [INFO] 文件大小校验通过（96211字节 ≥ 10字节）
[2025-12-08 06:48:27] [INFO] 文件内容校验通过（有效行数：927行）
[2025-12-08 06:48:27] [INFO] 仓库安全权限配置完成
[2025-12-08 06:48:27] [INFO] 文件未发生变更，无需同步
[2025-12-08 06:58:27] 自动设置HOME环境变量为: /root
[2025-12-08 06:58:27] 详细日志行数超限，已截断为999行
[2025-12-08 06:58:27] [INFO] 基础路径检查通过
[2025-12-08 06:58:27] [INFO] 文件大小校验通过（95991字节 ≥ 10字节）
[2025-12-08 06:58:27] [INFO] 文件内容校验通过（有效行数：927行）
[2025-12-08 06:58:27] [INFO] 仓库安全权限配置完成
[2025-12-08 06:58:27] [INFO] 文件复制完成（源：/vol1/1000/docker/iptv-api/output/result.txt → 目标：/vol1/1000/github-cs/cs/result.txt）
[2025-12-08 06:58:27] [INFO] 本地提交成功（哈希：7e74f9eaec166f0ec2c394462da78153adf2ab0d，提交信息：Auto-update result.txt: 2025-12-08 06:58:27）
[2025-12-08 06:58:27] [INFO] 第 1 次尝试推送（共3次），目标分支：main
[2025-12-08 06:58:30] [INFO] 远程分支有更新，执行rebase同步
[2025-12-08 06:58:41] [SUCCESS] 第 1 次推送验证通过（远程哈希：7e74f9eaec166f0ec2c394462da78153adf2ab0d）
[2025-12-08 06:58:41] [SUCCESS] 同步Github main分支成功！（文件大小：95991字节，有效行数：927行）
[2025-12-08 07:08:27] 自动设置HOME环境变量为: /root
[2025-12-08 07:08:27] 详细日志行数超限，已截断为999行
[2025-12-08 07:08:27] [INFO] 基础路径检查通过
[2025-12-08 07:08:27] [INFO] 文件大小校验通过（95991字节 ≥ 10字节）
[2025-12-08 07:08:27] [INFO] 文件内容校验通过（有效行数：927行）
[2025-12-08 07:08:27] [INFO] 仓库安全权限配置完成
[2025-12-08 07:08:27] [INFO] 文件未发生变更，无需同步
[2025-12-08 07:18:27] 自动设置HOME环境变量为: /root
[2025-12-08 07:18:27] 详细日志行数超限，已截断为999行
[2025-12-08 07:18:27] [INFO] 基础路径检查通过
[2025-12-08 07:18:27] [INFO] 文件大小校验通过（95991字节 ≥ 10字节）
[2025-12-08 07:18:27] [INFO] 文件内容校验通过（有效行数：927行）
[2025-12-08 07:18:27] [INFO] 仓库安全权限配置完成
[2025-12-08 07:18:27] [INFO] 文件未发生变更，无需同步
[2025-12-08 07:28:27] 自动设置HOME环境变量为: /root
[2025-12-08 07:28:27] 详细日志行数超限，已截断为999行
[2025-12-08 07:28:27] [INFO] 基础路径检查通过
[2025-12-08 07:28:27] [INFO] 文件大小校验通过（95991字节 ≥ 10字节）
[2025-12-08 07:28:27] [INFO] 文件内容校验通过（有效行数：927行）
[2025-12-08 07:28:27] [INFO] 仓库安全权限配置完成
[2025-12-08 07:28:27] [INFO] 文件未发生变更，无需同步
[2025-12-08 07:38:27] 自动设置HOME环境变量为: /root
[2025-12-08 07:38:27] 详细日志行数超限，已截断为999行
[2025-12-08 07:38:27] [INFO] 基础路径检查通过
[2025-12-08 07:38:27] [INFO] 文件大小校验通过（95991字节 ≥ 10字节）
[2025-12-08 07:38:27] [INFO] 文件内容校验通过（有效行数：927行）
[2025-12-08 07:38:27] [INFO] 仓库安全权限配置完成
[2025-12-08 07:38:27] [INFO] 文件未发生变更，无需同步
[2025-12-08 07:48:27] 自动设置HOME环境变量为: /root
[2025-12-08 07:48:27] 详细日志行数超限，已截断为999行
[2025-12-08 07:48:27] [INFO] 基础路径检查通过
[2025-12-08 07:48:27] [INFO] 文件大小校验通过（95991字节 ≥ 10字节）
[2025-12-08 07:48:27] [INFO] 文件内容校验通过（有效行数：927行）
[2025-12-08 07:48:27] [INFO] 仓库安全权限配置完成
[2025-12-08 07:48:27] [INFO] 文件未发生变更，无需同步
[2025-12-08 07:58:27] 自动设置HOME环境变量为: /root
[2025-12-08 07:58:27] 详细日志行数超限，已截断为999行
[2025-12-08 07:58:27] [INFO] 基础路径检查通过
[2025-12-08 07:58:27] [INFO] 文件大小校验通过（95991字节 ≥ 10字节）
[2025-12-08 07:58:27] [INFO] 文件内容校验通过（有效行数：927行）
[2025-12-08 07:58:27] [INFO] 仓库安全权限配置完成
[2025-12-08 07:58:27] [INFO] 文件未发生变更，无需同步
[2025-12-08 08:08:27] 自动设置HOME环境变量为: /root
[2025-12-08 08:08:27] 详细日志行数超限，已截断为999行
[2025-12-08 08:08:27] [INFO] 基础路径检查通过
[2025-12-08 08:08:27] [INFO] 文件大小校验通过（95991字节 ≥ 10字节）
[2025-12-08 08:08:27] [INFO] 文件内容校验通过（有效行数：927行）
[2025-12-08 08:08:27] [INFO] 仓库安全权限配置完成
[2025-12-08 08:08:27] [INFO] 文件未发生变更，无需同步
[2025-12-08 08:18:27] 自动设置HOME环境变量为: /root
[2025-12-08 08:18:27] 详细日志行数超限，已截断为999行
[2025-12-08 08:18:27] [INFO] 基础路径检查通过
[2025-12-08 08:18:27] [INFO] 文件大小校验通过（95991字节 ≥ 10字节）
[2025-12-08 08:18:27] [INFO] 文件内容校验通过（有效行数：927行）
[2025-12-08 08:18:27] [INFO] 仓库安全权限配置完成
[2025-12-08 08:18:27] [INFO] 文件未发生变更，无需同步
[2025-12-08 08:28:27] 自动设置HOME环境变量为: /root
[2025-12-08 08:28:27] 详细日志行数超限，已截断为999行
[2025-12-08 08:28:27] [INFO] 基础路径检查通过
[2025-12-08 08:28:27] [INFO] 文件大小校验通过（95991字节 ≥ 10字节）
[2025-12-08 08:28:27] [INFO] 文件内容校验通过（有效行数：927行）
[2025-12-08 08:28:27] [INFO] 仓库安全权限配置完成
[2025-12-08 08:28:27] [INFO] 文件未发生变更，无需同步
[2025-12-08 08:38:27] 自动设置HOME环境变量为: /root
[2025-12-08 08:38:27] 详细日志行数超限，已截断为999行
[2025-12-08 08:38:27] [INFO] 基础路径检查通过
[2025-12-08 08:38:27] [INFO] 文件大小校验通过（95991字节 ≥ 10字节）
[2025-12-08 08:38:27] [INFO] 文件内容校验通过（有效行数：927行）
[2025-12-08 08:38:27] [INFO] 仓库安全权限配置完成
[2025-12-08 08:38:27] [INFO] 文件未发生变更，无需同步
[2025-12-08 08:48:27] 自动设置HOME环境变量为: /root
[2025-12-08 08:48:27] 详细日志行数超限，已截断为999行
[2025-12-08 08:48:27] [INFO] 基础路径检查通过
[2025-12-08 08:48:27] [INFO] 文件大小校验通过（95991字节 ≥ 10字节）
[2025-12-08 08:48:27] [INFO] 文件内容校验通过（有效行数：927行）
[2025-12-08 08:48:27] [INFO] 仓库安全权限配置完成
[2025-12-08 08:48:27] [INFO] 文件未发生变更，无需同步
[2025-12-08 08:58:27] 自动设置HOME环境变量为: /root
[2025-12-08 08:58:27] 详细日志行数超限，已截断为999行
[2025-12-08 08:58:27] [INFO] 基础路径检查通过
[2025-12-08 08:58:27] [INFO] 文件大小校验通过（95991字节 ≥ 10字节）
[2025-12-08 08:58:27] [INFO] 文件内容校验通过（有效行数：927行）
[2025-12-08 08:58:27] [INFO] 仓库安全权限配置完成
[2025-12-08 08:58:27] [INFO] 文件未发生变更，无需同步
[2025-12-08 09:08:27] 自动设置HOME环境变量为: /root
[2025-12-08 09:08:27] 详细日志行数超限，已截断为999行
[2025-12-08 09:08:27] [INFO] 基础路径检查通过
[2025-12-08 09:08:27] [INFO] 文件大小校验通过（95991字节 ≥ 10字节）
[2025-12-08 09:08:27] [INFO] 文件内容校验通过（有效行数：927行）
[2025-12-08 09:08:27] [INFO] 仓库安全权限配置完成
[2025-12-08 09:08:27] [INFO] 文件未发生变更，无需同步
[2025-12-08 09:18:27] 自动设置HOME环境变量为: /root
[2025-12-08 09:18:27] 详细日志行数超限，已截断为999行
[2025-12-08 09:18:27] [INFO] 基础路径检查通过
[2025-12-08 09:18:27] [INFO] 文件大小校验通过（95991字节 ≥ 10字节）
[2025-12-08 09:18:27] [INFO] 文件内容校验通过（有效行数：927行）
[2025-12-08 09:18:27] [INFO] 仓库安全权限配置完成
[2025-12-08 09:18:27] [INFO] 文件未发生变更，无需同步
[2025-12-08 09:28:27] 自动设置HOME环境变量为: /root
[2025-12-08 09:28:27] 详细日志行数超限，已截断为999行
[2025-12-08 09:28:27] [INFO] 基础路径检查通过
[2025-12-08 09:28:27] [INFO] 文件大小校验通过（95991字节 ≥ 10字节）
[2025-12-08 09:28:27] [INFO] 文件内容校验通过（有效行数：927行）
[2025-12-08 09:28:27] [INFO] 仓库安全权限配置完成
[2025-12-08 09:28:27] [INFO] 文件未发生变更，无需同步
[2025-12-08 09:38:27] 自动设置HOME环境变量为: /root
[2025-12-08 09:38:27] 详细日志行数超限，已截断为999行
[2025-12-08 09:38:27] [INFO] 基础路径检查通过
[2025-12-08 09:38:27] [INFO] 文件大小校验通过（95991字节 ≥ 10字节）
[2025-12-08 09:38:27] [INFO] 文件内容校验通过（有效行数：927行）
[2025-12-08 09:38:27] [INFO] 仓库安全权限配置完成
[2025-12-08 09:38:27] [INFO] 文件未发生变更，无需同步
[2025-12-08 09:48:27] 自动设置HOME环境变量为: /root
[2025-12-08 09:48:27] 详细日志行数超限，已截断为999行
[2025-12-08 09:48:27] [INFO] 基础路径检查通过
[2025-12-08 09:48:27] [INFO] 文件大小校验通过（95991字节 ≥ 10字节）
[2025-12-08 09:48:27] [INFO] 文件内容校验通过（有效行数：927行）
[2025-12-08 09:48:27] [INFO] 仓库安全权限配置完成
[2025-12-08 09:48:27] [INFO] 文件未发生变更，无需同步
[2025-12-08 09:58:27] 自动设置HOME环境变量为: /root
[2025-12-08 09:58:27] 详细日志行数超限，已截断为999行
[2025-12-08 09:58:27] [INFO] 基础路径检查通过
[2025-12-08 09:58:27] [INFO] 文件大小校验通过（95991字节 ≥ 10字节）
[2025-12-08 09:58:27] [INFO] 文件内容校验通过（有效行数：927行）
[2025-12-08 09:58:27] [INFO] 仓库安全权限配置完成
[2025-12-08 09:58:27] [INFO] 文件未发生变更，无需同步
[2025-12-08 10:08:27] 自动设置HOME环境变量为: /root
[2025-12-08 10:08:27] 详细日志行数超限，已截断为999行
[2025-12-08 10:08:27] [INFO] 基础路径检查通过
[2025-12-08 10:08:27] [INFO] 文件大小校验通过（95991字节 ≥ 10字节）
[2025-12-08 10:08:27] [INFO] 文件内容校验通过（有效行数：927行）
[2025-12-08 10:08:27] [INFO] 仓库安全权限配置完成
[2025-12-08 10:08:27] [INFO] 文件未发生变更，无需同步
[2025-12-08 10:18:27] 自动设置HOME环境变量为: /root
[2025-12-08 10:18:27] 详细日志行数超限，已截断为999行
[2025-12-08 10:18:27] [INFO] 基础路径检查通过
[2025-12-08 10:18:27] [INFO] 文件大小校验通过（95991字节 ≥ 10字节）
[2025-12-08 10:18:27] [INFO] 文件内容校验通过（有效行数：927行）
[2025-12-08 10:18:27] [INFO] 仓库安全权限配置完成
[2025-12-08 10:18:27] [INFO] 文件未发生变更，无需同步
[2025-12-08 10:28:27] 自动设置HOME环境变量为: /root
[2025-12-08 10:28:27] 详细日志行数超限，已截断为999行
[2025-12-08 10:28:27] [INFO] 基础路径检查通过
[2025-12-08 10:28:27] [INFO] 文件大小校验通过（95991字节 ≥ 10字节）
[2025-12-08 10:28:27] [INFO] 文件内容校验通过（有效行数：927行）
[2025-12-08 10:28:27] [INFO] 仓库安全权限配置完成
[2025-12-08 10:28:27] [INFO] 文件未发生变更，无需同步
[2025-12-08 10:38:27] 自动设置HOME环境变量为: /root
[2025-12-08 10:38:27] 详细日志行数超限，已截断为999行
[2025-12-08 10:38:27] [INFO] 基础路径检查通过
[2025-12-08 10:38:27] [INFO] 文件大小校验通过（95991字节 ≥ 10字节）
[2025-12-08 10:38:27] [INFO] 文件内容校验通过（有效行数：927行）
[2025-12-08 10:38:27] [INFO] 仓库安全权限配置完成
[2025-12-08 10:38:27] [INFO] 文件未发生变更，无需同步
[2025-12-08 10:48:27] 自动设置HOME环境变量为: /root
[2025-12-08 10:48:27] 详细日志行数超限，已截断为999行
[2025-12-08 10:48:27] [INFO] 基础路径检查通过
[2025-12-08 10:48:27] [INFO] 文件大小校验通过（95991字节 ≥ 10字节）
[2025-12-08 10:48:27] [INFO] 文件内容校验通过（有效行数：927行）
[2025-12-08 10:48:27] [INFO] 仓库安全权限配置完成
[2025-12-08 10:48:27] [INFO] 文件未发生变更，无需同步
[2025-12-08 10:58:27] 自动设置HOME环境变量为: /root
[2025-12-08 10:58:27] 详细日志行数超限，已截断为999行
[2025-12-08 10:58:27] [INFO] 基础路径检查通过
[2025-12-08 10:58:27] [INFO] 文件大小校验通过（95991字节 ≥ 10字节）
[2025-12-08 10:58:27] [INFO] 文件内容校验通过（有效行数：927行）
[2025-12-08 10:58:27] [INFO] 仓库安全权限配置完成
[2025-12-08 10:58:27] [INFO] 文件未发生变更，无需同步
[2025-12-08 11:08:27] 自动设置HOME环境变量为: /root
[2025-12-08 11:08:27] 详细日志行数超限，已截断为999行
[2025-12-08 11:08:27] [INFO] 基础路径检查通过
[2025-12-08 11:08:27] [INFO] 文件大小校验通过（95991字节 ≥ 10字节）
[2025-12-08 11:08:27] [INFO] 文件内容校验通过（有效行数：927行）
[2025-12-08 11:08:27] [INFO] 仓库安全权限配置完成
[2025-12-08 11:08:27] [INFO] 文件未发生变更，无需同步
[2025-12-08 11:18:27] 自动设置HOME环境变量为: /root
[2025-12-08 11:18:27] 详细日志行数超限，已截断为999行
[2025-12-08 11:18:27] [INFO] 基础路径检查通过
[2025-12-08 11:18:27] [INFO] 文件大小校验通过（95991字节 ≥ 10字节）
[2025-12-08 11:18:27] [INFO] 文件内容校验通过（有效行数：927行）
[2025-12-08 11:18:27] [INFO] 仓库安全权限配置完成
[2025-12-08 11:18:27] [INFO] 文件未发生变更，无需同步
[2025-12-08 11:28:27] 自动设置HOME环境变量为: /root
[2025-12-08 11:28:27] 详细日志行数超限，已截断为999行
[2025-12-08 11:28:27] [INFO] 基础路径检查通过
[2025-12-08 11:28:27] [INFO] 文件大小校验通过（95991字节 ≥ 10字节）
[2025-12-08 11:28:27] [INFO] 文件内容校验通过（有效行数：927行）
[2025-12-08 11:28:27] [INFO] 仓库安全权限配置完成
[2025-12-08 11:28:27] [INFO] 文件未发生变更，无需同步
[2025-12-08 11:38:27] 自动设置HOME环境变量为: /root
[2025-12-08 11:38:27] 详细日志行数超限，已截断为999行
[2025-12-08 11:38:27] [INFO] 基础路径检查通过
[2025-12-08 11:38:27] [INFO] 文件大小校验通过（95991字节 ≥ 10字节）
[2025-12-08 11:38:27] [INFO] 文件内容校验通过（有效行数：927行）
[2025-12-08 11:38:27] [INFO] 仓库安全权限配置完成
[2025-12-08 11:38:27] [INFO] 文件未发生变更，无需同步
[2025-12-08 11:48:27] 自动设置HOME环境变量为: /root
[2025-12-08 11:48:27] 详细日志行数超限，已截断为999行
[2025-12-08 11:48:27] [INFO] 基础路径检查通过
[2025-12-08 11:48:27] [INFO] 文件大小校验通过（95991字节 ≥ 10字节）
[2025-12-08 11:48:27] [INFO] 文件内容校验通过（有效行数：927行）
[2025-12-08 11:48:27] [INFO] 仓库安全权限配置完成
[2025-12-08 11:48:27] [INFO] 文件未发生变更，无需同步
[2025-12-08 11:58:27] 自动设置HOME环境变量为: /root
[2025-12-08 11:58:27] 详细日志行数超限，已截断为999行
[2025-12-08 11:58:27] [INFO] 基础路径检查通过
[2025-12-08 11:58:27] [INFO] 文件大小校验通过（95991字节 ≥ 10字节）
[2025-12-08 11:58:27] [INFO] 文件内容校验通过（有效行数：927行）
[2025-12-08 11:58:27] [INFO] 仓库安全权限配置完成
[2025-12-08 11:58:27] [INFO] 文件未发生变更，无需同步
[2025-12-08 12:08:27] 自动设置HOME环境变量为: /root
[2025-12-08 12:08:27] 详细日志行数超限，已截断为999行
[2025-12-08 12:08:27] [INFO] 基础路径检查通过
[2025-12-08 12:08:27] [INFO] 文件大小校验通过（95991字节 ≥ 10字节）
[2025-12-08 12:08:27] [INFO] 文件内容校验通过（有效行数：927行）
[2025-12-08 12:08:27] [INFO] 仓库安全权限配置完成
[2025-12-08 12:08:27] [INFO] 文件未发生变更，无需同步
[2025-12-08 12:18:27] 自动设置HOME环境变量为: /root
[2025-12-08 12:18:27] 详细日志行数超限，已截断为999行
[2025-12-08 12:18:27] [INFO] 基础路径检查通过
[2025-12-08 12:18:27] [INFO] 文件大小校验通过（95991字节 ≥ 10字节）
[2025-12-08 12:18:27] [INFO] 文件内容校验通过（有效行数：927行）
[2025-12-08 12:18:27] [INFO] 仓库安全权限配置完成
[2025-12-08 12:18:27] [INFO] 文件未发生变更，无需同步
[2025-12-08 12:28:27] 自动设置HOME环境变量为: /root
[2025-12-08 12:28:27] 详细日志行数超限，已截断为999行
[2025-12-08 12:28:27] [INFO] 基础路径检查通过
[2025-12-08 12:28:27] [INFO] 文件大小校验通过（95991字节 ≥ 10字节）
[2025-12-08 12:28:27] [INFO] 文件内容校验通过（有效行数：927行）
[2025-12-08 12:28:27] [INFO] 仓库安全权限配置完成
[2025-12-08 12:28:27] [INFO] 文件未发生变更，无需同步
[2025-12-08 12:38:27] 自动设置HOME环境变量为: /root
[2025-12-08 12:38:27] 详细日志行数超限，已截断为999行
[2025-12-08 12:38:27] [INFO] 基础路径检查通过
[2025-12-08 12:38:27] [INFO] 文件大小校验通过（95991字节 ≥ 10字节）
[2025-12-08 12:38:27] [INFO] 文件内容校验通过（有效行数：927行）
[2025-12-08 12:38:27] [INFO] 仓库安全权限配置完成
[2025-12-08 12:38:27] [INFO] 文件未发生变更，无需同步
[2025-12-08 12:48:27] 自动设置HOME环境变量为: /root
[2025-12-08 12:48:27] 详细日志行数超限，已截断为999行
[2025-12-08 12:48:27] [INFO] 基础路径检查通过
[2025-12-08 12:48:27] [INFO] 文件大小校验通过（95991字节 ≥ 10字节）
[2025-12-08 12:48:27] [INFO] 文件内容校验通过（有效行数：927行）
[2025-12-08 12:48:27] [INFO] 仓库安全权限配置完成
[2025-12-08 12:48:27] [INFO] 文件未发生变更，无需同步
[2025-12-08 12:58:27] 自动设置HOME环境变量为: /root
[2025-12-08 12:58:27] 详细日志行数超限，已截断为999行
[2025-12-08 12:58:27] [INFO] 基础路径检查通过
[2025-12-08 12:58:27] [INFO] 文件大小校验通过（95991字节 ≥ 10字节）
[2025-12-08 12:58:27] [INFO] 文件内容校验通过（有效行数：927行）
[2025-12-08 12:58:27] [INFO] 仓库安全权限配置完成
[2025-12-08 12:58:27] [INFO] 文件未发生变更，无需同步
[2025-12-08 13:08:27] 自动设置HOME环境变量为: /root
[2025-12-08 13:08:27] 详细日志行数超限，已截断为999行
[2025-12-08 13:08:27] [INFO] 基础路径检查通过
[2025-12-08 13:08:27] [INFO] 文件大小校验通过（95991字节 ≥ 10字节）
[2025-12-08 13:08:27] [INFO] 文件内容校验通过（有效行数：927行）
[2025-12-08 13:08:27] [INFO] 仓库安全权限配置完成
[2025-12-08 13:08:27] [INFO] 文件未发生变更，无需同步
[2025-12-08 13:18:27] 自动设置HOME环境变量为: /root
[2025-12-08 13:18:27] 详细日志行数超限，已截断为999行
[2025-12-08 13:18:27] [INFO] 基础路径检查通过
[2025-12-08 13:18:27] [INFO] 文件大小校验通过（95991字节 ≥ 10字节）
[2025-12-08 13:18:27] [INFO] 文件内容校验通过（有效行数：927行）
[2025-12-08 13:18:27] [INFO] 仓库安全权限配置完成
[2025-12-08 13:18:27] [INFO] 文件未发生变更，无需同步
[2025-12-08 13:28:27] 自动设置HOME环境变量为: /root
[2025-12-08 13:28:27] 详细日志行数超限，已截断为999行
[2025-12-08 13:28:27] [INFO] 基础路径检查通过
[2025-12-08 13:28:27] [INFO] 文件大小校验通过（95991字节 ≥ 10字节）
[2025-12-08 13:28:27] [INFO] 文件内容校验通过（有效行数：927行）
[2025-12-08 13:28:27] [INFO] 仓库安全权限配置完成
[2025-12-08 13:28:27] [INFO] 文件未发生变更，无需同步
[2025-12-08 13:38:27] 自动设置HOME环境变量为: /root
[2025-12-08 13:38:27] 详细日志行数超限，已截断为999行
[2025-12-08 13:38:27] [INFO] 基础路径检查通过
[2025-12-08 13:38:27] [INFO] 文件大小校验通过（95991字节 ≥ 10字节）
[2025-12-08 13:38:27] [INFO] 文件内容校验通过（有效行数：927行）
[2025-12-08 13:38:27] [INFO] 仓库安全权限配置完成
[2025-12-08 13:38:27] [INFO] 文件未发生变更，无需同步
[2025-12-08 13:48:27] 自动设置HOME环境变量为: /root
[2025-12-08 13:48:27] 详细日志行数超限，已截断为999行
[2025-12-08 13:48:27] [INFO] 基础路径检查通过
[2025-12-08 13:48:27] [INFO] 文件大小校验通过（95991字节 ≥ 10字节）
[2025-12-08 13:48:27] [INFO] 文件内容校验通过（有效行数：927行）
[2025-12-08 13:48:27] [INFO] 仓库安全权限配置完成
[2025-12-08 13:48:27] [INFO] 文件未发生变更，无需同步
[2025-12-08 13:58:27] 自动设置HOME环境变量为: /root
[2025-12-08 13:58:27] 详细日志行数超限，已截断为999行
[2025-12-08 13:58:27] [INFO] 基础路径检查通过
[2025-12-08 13:58:27] [INFO] 文件大小校验通过（95991字节 ≥ 10字节）
[2025-12-08 13:58:27] [INFO] 文件内容校验通过（有效行数：927行）
[2025-12-08 13:58:27] [INFO] 仓库安全权限配置完成
[2025-12-08 13:58:27] [INFO] 文件未发生变更，无需同步
[2025-12-08 14:08:27] 自动设置HOME环境变量为: /root
[2025-12-08 14:08:27] 详细日志行数超限，已截断为999行
[2025-12-08 14:08:27] [INFO] 基础路径检查通过
[2025-12-08 14:08:27] [INFO] 文件大小校验通过（95991字节 ≥ 10字节）
[2025-12-08 14:08:27] [INFO] 文件内容校验通过（有效行数：927行）
[2025-12-08 14:08:27] [INFO] 仓库安全权限配置完成
[2025-12-08 14:08:27] [INFO] 文件未发生变更，无需同步
[2025-12-08 14:18:27] 自动设置HOME环境变量为: /root
[2025-12-08 14:18:27] 详细日志行数超限，已截断为999行
[2025-12-08 14:18:27] [INFO] 基础路径检查通过
[2025-12-08 14:18:27] [INFO] 文件大小校验通过（95991字节 ≥ 10字节）
[2025-12-08 14:18:27] [INFO] 文件内容校验通过（有效行数：927行）
[2025-12-08 14:18:27] [INFO] 仓库安全权限配置完成
[2025-12-08 14:18:27] [INFO] 文件未发生变更，无需同步
[2025-12-08 14:28:27] 自动设置HOME环境变量为: /root
[2025-12-08 14:28:27] 详细日志行数超限，已截断为999行
[2025-12-08 14:28:27] [INFO] 基础路径检查通过
[2025-12-08 14:28:27] [INFO] 文件大小校验通过（95991字节 ≥ 10字节）
[2025-12-08 14:28:27] [INFO] 文件内容校验通过（有效行数：927行）
[2025-12-08 14:28:27] [INFO] 仓库安全权限配置完成
[2025-12-08 14:28:27] [INFO] 文件未发生变更，无需同步
[2025-12-08 14:38:27] 自动设置HOME环境变量为: /root
[2025-12-08 14:38:27] 详细日志行数超限，已截断为999行
[2025-12-08 14:38:27] [INFO] 基础路径检查通过
[2025-12-08 14:38:27] [INFO] 文件大小校验通过（95991字节 ≥ 10字节）
[2025-12-08 14:38:27] [INFO] 文件内容校验通过（有效行数：927行）
[2025-12-08 14:38:27] [INFO] 仓库安全权限配置完成
[2025-12-08 14:38:27] [INFO] 文件未发生变更，无需同步
[2025-12-08 14:48:27] 自动设置HOME环境变量为: /root
[2025-12-08 14:48:27] 详细日志行数超限，已截断为999行
[2025-12-08 14:48:27] [INFO] 基础路径检查通过
[2025-12-08 14:48:27] [INFO] 文件大小校验通过（95991字节 ≥ 10字节）
[2025-12-08 14:48:27] [INFO] 文件内容校验通过（有效行数：927行）
[2025-12-08 14:48:27] [INFO] 仓库安全权限配置完成
[2025-12-08 14:48:27] [INFO] 文件未发生变更，无需同步
[2025-12-08 14:58:27] 自动设置HOME环境变量为: /root
[2025-12-08 14:58:27] 详细日志行数超限，已截断为999行
[2025-12-08 14:58:27] [INFO] 基础路径检查通过
[2025-12-08 14:58:27] [INFO] 文件大小校验通过（95991字节 ≥ 10字节）
[2025-12-08 14:58:27] [INFO] 文件内容校验通过（有效行数：927行）
[2025-12-08 14:58:27] [INFO] 仓库安全权限配置完成
[2025-12-08 14:58:27] [INFO] 文件未发生变更，无需同步
[2025-12-08 15:08:27] 自动设置HOME环境变量为: /root
[2025-12-08 15:08:27] 详细日志行数超限，已截断为999行
[2025-12-08 15:08:27] [INFO] 基础路径检查通过
[2025-12-08 15:08:27] [INFO] 文件大小校验通过（95991字节 ≥ 10字节）
[2025-12-08 15:08:27] [INFO] 文件内容校验通过（有效行数：927行）
[2025-12-08 15:08:27] [INFO] 仓库安全权限配置完成
[2025-12-08 15:08:27] [INFO] 文件未发生变更，无需同步
[2025-12-08 15:18:27] 自动设置HOME环境变量为: /root
[2025-12-08 15:18:27] 详细日志行数超限，已截断为999行
[2025-12-08 15:18:27] [INFO] 基础路径检查通过
[2025-12-08 15:18:27] [INFO] 文件大小校验通过（95991字节 ≥ 10字节）
[2025-12-08 15:18:27] [INFO] 文件内容校验通过（有效行数：927行）
[2025-12-08 15:18:27] [INFO] 仓库安全权限配置完成
[2025-12-08 15:18:27] [INFO] 文件未发生变更，无需同步
[2025-12-08 15:28:27] 自动设置HOME环境变量为: /root
[2025-12-08 15:28:27] 详细日志行数超限，已截断为999行
[2025-12-08 15:28:27] [INFO] 基础路径检查通过
[2025-12-08 15:28:27] [INFO] 文件大小校验通过（95991字节 ≥ 10字节）
[2025-12-08 15:28:27] [INFO] 文件内容校验通过（有效行数：927行）
[2025-12-08 15:28:27] [INFO] 仓库安全权限配置完成
[2025-12-08 15:28:27] [INFO] 文件未发生变更，无需同步
[2025-12-08 15:38:27] 自动设置HOME环境变量为: /root
[2025-12-08 15:38:27] 详细日志行数超限，已截断为999行
[2025-12-08 15:38:27] [INFO] 基础路径检查通过
[2025-12-08 15:38:27] [INFO] 文件大小校验通过（95991字节 ≥ 10字节）
[2025-12-08 15:38:27] [INFO] 文件内容校验通过（有效行数：927行）
[2025-12-08 15:38:27] [INFO] 仓库安全权限配置完成
[2025-12-08 15:38:27] [INFO] 文件未发生变更，无需同步
[2025-12-08 15:48:27] 自动设置HOME环境变量为: /root
[2025-12-08 15:48:27] 详细日志行数超限，已截断为999行
[2025-12-08 15:48:27] [INFO] 基础路径检查通过
[2025-12-08 15:48:27] [INFO] 文件大小校验通过（95991字节 ≥ 10字节）
[2025-12-08 15:48:27] [INFO] 文件内容校验通过（有效行数：927行）
[2025-12-08 15:48:27] [INFO] 仓库安全权限配置完成
[2025-12-08 15:48:27] [INFO] 文件未发生变更，无需同步
[2025-12-08 15:58:27] 自动设置HOME环境变量为: /root
[2025-12-08 15:58:27] 详细日志行数超限，已截断为999行
[2025-12-08 15:58:27] [INFO] 基础路径检查通过
[2025-12-08 15:58:27] [INFO] 文件大小校验通过（95991字节 ≥ 10字节）
[2025-12-08 15:58:27] [INFO] 文件内容校验通过（有效行数：927行）
[2025-12-08 15:58:27] [INFO] 仓库安全权限配置完成
[2025-12-08 15:58:27] [INFO] 文件未发生变更，无需同步
[2025-12-08 16:08:27] 自动设置HOME环境变量为: /root
[2025-12-08 16:08:27] 详细日志行数超限，已截断为999行
[2025-12-08 16:08:27] [INFO] 基础路径检查通过
[2025-12-08 16:08:27] [INFO] 文件大小校验通过（95991字节 ≥ 10字节）
[2025-12-08 16:08:27] [INFO] 文件内容校验通过（有效行数：927行）
[2025-12-08 16:08:27] [INFO] 仓库安全权限配置完成
[2025-12-08 16:08:27] [INFO] 文件未发生变更，无需同步
[2025-12-08 16:18:27] 自动设置HOME环境变量为: /root
[2025-12-08 16:18:27] 详细日志行数超限，已截断为999行
[2025-12-08 16:18:27] [INFO] 基础路径检查通过
[2025-12-08 16:18:27] [INFO] 文件大小校验通过（95991字节 ≥ 10字节）
[2025-12-08 16:18:27] [INFO] 文件内容校验通过（有效行数：927行）
[2025-12-08 16:18:27] [INFO] 仓库安全权限配置完成
[2025-12-08 16:18:27] [INFO] 文件未发生变更，无需同步
[2025-12-08 16:28:27] 自动设置HOME环境变量为: /root
[2025-12-08 16:28:27] 详细日志行数超限，已截断为999行
[2025-12-08 16:28:27] [INFO] 基础路径检查通过
[2025-12-08 16:28:27] [INFO] 文件大小校验通过（95991字节 ≥ 10字节）
[2025-12-08 16:28:27] [INFO] 文件内容校验通过（有效行数：927行）
[2025-12-08 16:28:27] [INFO] 仓库安全权限配置完成
[2025-12-08 16:28:27] [INFO] 文件未发生变更，无需同步
[2025-12-08 16:38:27] 自动设置HOME环境变量为: /root
[2025-12-08 16:38:27] 详细日志行数超限，已截断为999行
[2025-12-08 16:38:27] [INFO] 基础路径检查通过
[2025-12-08 16:38:27] [INFO] 文件大小校验通过（95991字节 ≥ 10字节）
[2025-12-08 16:38:27] [INFO] 文件内容校验通过（有效行数：927行）
[2025-12-08 16:38:27] [INFO] 仓库安全权限配置完成
[2025-12-08 16:38:27] [INFO] 文件未发生变更，无需同步
[2025-12-08 16:48:27] 自动设置HOME环境变量为: /root
[2025-12-08 16:48:27] 详细日志行数超限，已截断为999行
[2025-12-08 16:48:27] [INFO] 基础路径检查通过
[2025-12-08 16:48:27] [INFO] 文件大小校验通过（95991字节 ≥ 10字节）
[2025-12-08 16:48:27] [INFO] 文件内容校验通过（有效行数：927行）
[2025-12-08 16:48:27] [INFO] 仓库安全权限配置完成
[2025-12-08 16:48:27] [INFO] 文件未发生变更，无需同步
[2025-12-08 16:58:27] 自动设置HOME环境变量为: /root
[2025-12-08 16:58:27] 详细日志行数超限，已截断为999行
[2025-12-08 16:58:27] [INFO] 基础路径检查通过
[2025-12-08 16:58:27] [INFO] 文件大小校验通过（95991字节 ≥ 10字节）
[2025-12-08 16:58:27] [INFO] 文件内容校验通过（有效行数：927行）
[2025-12-08 16:58:27] [INFO] 仓库安全权限配置完成
[2025-12-08 16:58:27] [INFO] 文件未发生变更，无需同步
[2025-12-08 17:08:27] 自动设置HOME环境变量为: /root
[2025-12-08 17:08:27] 详细日志行数超限，已截断为999行
[2025-12-08 17:08:27] [INFO] 基础路径检查通过
[2025-12-08 17:08:27] [INFO] 文件大小校验通过（95991字节 ≥ 10字节）
[2025-12-08 17:08:27] [INFO] 文件内容校验通过（有效行数：927行）
[2025-12-08 17:08:27] [INFO] 仓库安全权限配置完成
[2025-12-08 17:08:27] [INFO] 文件未发生变更，无需同步
[2025-12-08 17:18:27] 自动设置HOME环境变量为: /root
[2025-12-08 17:18:27] 详细日志行数超限，已截断为999行
[2025-12-08 17:18:27] [INFO] 基础路径检查通过
[2025-12-08 17:18:27] [INFO] 文件大小校验通过（95991字节 ≥ 10字节）
[2025-12-08 17:18:27] [INFO] 文件内容校验通过（有效行数：927行）
[2025-12-08 17:18:27] [INFO] 仓库安全权限配置完成
[2025-12-08 17:18:27] [INFO] 文件未发生变更，无需同步
[2025-12-08 17:28:27] 自动设置HOME环境变量为: /root
[2025-12-08 17:28:27] 详细日志行数超限，已截断为999行
[2025-12-08 17:28:27] [INFO] 基础路径检查通过
[2025-12-08 17:28:27] [INFO] 文件大小校验通过（95991字节 ≥ 10字节）
[2025-12-08 17:28:27] [INFO] 文件内容校验通过（有效行数：927行）
[2025-12-08 17:28:27] [INFO] 仓库安全权限配置完成
[2025-12-08 17:28:27] [INFO] 文件未发生变更，无需同步
[2025-12-08 17:38:27] 自动设置HOME环境变量为: /root
[2025-12-08 17:38:27] 详细日志行数超限，已截断为999行
[2025-12-08 17:38:27] [INFO] 基础路径检查通过
[2025-12-08 17:38:27] [INFO] 文件大小校验通过（95991字节 ≥ 10字节）
[2025-12-08 17:38:27] [INFO] 文件内容校验通过（有效行数：927行）
[2025-12-08 17:38:27] [INFO] 仓库安全权限配置完成
[2025-12-08 17:38:27] [INFO] 文件未发生变更，无需同步
[2025-12-08 17:48:27] 自动设置HOME环境变量为: /root
[2025-12-08 17:48:27] 详细日志行数超限，已截断为999行
[2025-12-08 17:48:27] [INFO] 基础路径检查通过
[2025-12-08 17:48:27] [INFO] 文件大小校验通过（95991字节 ≥ 10字节）
[2025-12-08 17:48:27] [INFO] 文件内容校验通过（有效行数：927行）
[2025-12-08 17:48:27] [INFO] 仓库安全权限配置完成
[2025-12-08 17:48:27] [INFO] 文件未发生变更，无需同步
[2025-12-08 17:58:27] 自动设置HOME环境变量为: /root
[2025-12-08 17:58:27] 详细日志行数超限，已截断为999行
[2025-12-08 17:58:27] [INFO] 基础路径检查通过
[2025-12-08 17:58:27] [INFO] 文件大小校验通过（95991字节 ≥ 10字节）
[2025-12-08 17:58:27] [INFO] 文件内容校验通过（有效行数：927行）
[2025-12-08 17:58:27] [INFO] 仓库安全权限配置完成
[2025-12-08 17:58:27] [INFO] 文件未发生变更，无需同步
[2025-12-08 18:08:27] 自动设置HOME环境变量为: /root
[2025-12-08 18:08:27] 详细日志行数超限，已截断为999行
[2025-12-08 18:08:27] [INFO] 基础路径检查通过
[2025-12-08 18:08:27] [INFO] 文件大小校验通过（95991字节 ≥ 10字节）
[2025-12-08 18:08:27] [INFO] 文件内容校验通过（有效行数：927行）
[2025-12-08 18:08:27] [INFO] 仓库安全权限配置完成
[2025-12-08 18:08:27] [INFO] 文件未发生变更，无需同步
[2025-12-08 18:18:27] 自动设置HOME环境变量为: /root
[2025-12-08 18:18:27] 详细日志行数超限，已截断为999行
[2025-12-08 18:18:27] [INFO] 基础路径检查通过
[2025-12-08 18:18:27] [INFO] 文件大小校验通过（95991字节 ≥ 10字节）
[2025-12-08 18:18:27] [INFO] 文件内容校验通过（有效行数：927行）
[2025-12-08 18:18:27] [INFO] 仓库安全权限配置完成
[2025-12-08 18:18:27] [INFO] 文件未发生变更，无需同步
[2025-12-08 18:28:27] 自动设置HOME环境变量为: /root
[2025-12-08 18:28:27] 详细日志行数超限，已截断为999行
[2025-12-08 18:28:27] [INFO] 基础路径检查通过
[2025-12-08 18:28:27] [INFO] 文件大小校验通过（95991字节 ≥ 10字节）
[2025-12-08 18:28:27] [INFO] 文件内容校验通过（有效行数：927行）
[2025-12-08 18:28:27] [INFO] 仓库安全权限配置完成
[2025-12-08 18:28:27] [INFO] 文件未发生变更，无需同步
[2025-12-08 18:38:27] 自动设置HOME环境变量为: /root
[2025-12-08 18:38:27] 详细日志行数超限，已截断为999行
[2025-12-08 18:38:27] [INFO] 基础路径检查通过
[2025-12-08 18:38:27] [INFO] 文件大小校验通过（95991字节 ≥ 10字节）
[2025-12-08 18:38:27] [INFO] 文件内容校验通过（有效行数：927行）
[2025-12-08 18:38:27] [INFO] 仓库安全权限配置完成
[2025-12-08 18:38:27] [INFO] 文件未发生变更，无需同步
[2025-12-08 18:48:27] 自动设置HOME环境变量为: /root
[2025-12-08 18:48:27] 详细日志行数超限，已截断为999行
[2025-12-08 18:48:27] [INFO] 基础路径检查通过
[2025-12-08 18:48:27] [INFO] 文件大小校验通过（95991字节 ≥ 10字节）
[2025-12-08 18:48:27] [INFO] 文件内容校验通过（有效行数：927行）
[2025-12-08 18:48:27] [INFO] 仓库安全权限配置完成
[2025-12-08 18:48:27] [INFO] 文件未发生变更，无需同步
[2025-12-08 18:58:27] 自动设置HOME环境变量为: /root
[2025-12-08 18:58:27] 详细日志行数超限，已截断为999行
[2025-12-08 18:58:27] [INFO] 基础路径检查通过
[2025-12-08 18:58:27] [INFO] 文件大小校验通过（96081字节 ≥ 10字节）
[2025-12-08 18:58:27] [INFO] 文件内容校验通过（有效行数：927行）
[2025-12-08 18:58:27] [INFO] 仓库安全权限配置完成
[2025-12-08 18:58:27] [INFO] 文件复制完成（源：/vol1/1000/docker/iptv-api/output/result.txt → 目标：/vol1/1000/github-cs/cs/result.txt）
[2025-12-08 18:58:27] [INFO] 本地提交成功（哈希：559c33ec0734272401447a726079f1bc4de30fca，提交信息：Auto-update result.txt: 2025-12-08 18:58:27）
[2025-12-08 18:58:27] [INFO] 第 1 次尝试推送（共3次），目标分支：main
[2025-12-08 18:58:30] [INFO] 远程分支有更新，执行rebase同步
[2025-12-08 18:58:42] [SUCCESS] 第 1 次推送验证通过（远程哈希：559c33ec0734272401447a726079f1bc4de30fca）
[2025-12-08 18:58:42] [SUCCESS] 同步Github main分支成功！（文件大小：96081字节，有效行数：927行）
[2025-12-08 19:08:27] 自动设置HOME环境变量为: /root
[2025-12-08 19:08:27] 详细日志行数超限，已截断为999行
[2025-12-08 19:08:27] [INFO] 基础路径检查通过
[2025-12-08 19:08:27] [INFO] 文件大小校验通过（96081字节 ≥ 10字节）
[2025-12-08 19:08:27] [INFO] 文件内容校验通过（有效行数：927行）
[2025-12-08 19:08:27] [INFO] 仓库安全权限配置完成
[2025-12-08 19:08:27] [INFO] 文件未发生变更，无需同步
[2025-12-08 19:18:27] 自动设置HOME环境变量为: /root
[2025-12-08 19:18:27] 详细日志行数超限，已截断为999行
[2025-12-08 19:18:27] [INFO] 基础路径检查通过
[2025-12-08 19:18:27] [INFO] 文件大小校验通过（96081字节 ≥ 10字节）
[2025-12-08 19:18:27] [INFO] 文件内容校验通过（有效行数：927行）
[2025-12-08 19:18:27] [INFO] 仓库安全权限配置完成
[2025-12-08 19:18:27] [INFO] 文件未发生变更，无需同步
[2025-12-08 19:28:27] 自动设置HOME环境变量为: /root
[2025-12-08 19:28:27] 详细日志行数超限，已截断为999行
[2025-12-08 19:28:27] [INFO] 基础路径检查通过
[2025-12-08 19:28:27] [INFO] 文件大小校验通过（96081字节 ≥ 10字节）
[2025-12-08 19:28:27] [INFO] 文件内容校验通过（有效行数：927行）
[2025-12-08 19:28:27] [INFO] 仓库安全权限配置完成
[2025-12-08 19:28:27] [INFO] 文件未发生变更，无需同步
[2025-12-08 19:38:27] 自动设置HOME环境变量为: /root
[2025-12-08 19:38:27] 详细日志行数超限，已截断为999行
[2025-12-08 19:38:27] [INFO] 基础路径检查通过
[2025-12-08 19:38:27] [INFO] 文件大小校验通过（96081字节 ≥ 10字节）
[2025-12-08 19:38:27] [INFO] 文件内容校验通过（有效行数：927行）
[2025-12-08 19:38:27] [INFO] 仓库安全权限配置完成
[2025-12-08 19:38:27] [INFO] 文件未发生变更，无需同步
[2025-12-08 19:48:27] 自动设置HOME环境变量为: /root
[2025-12-08 19:48:27] 详细日志行数超限，已截断为999行
[2025-12-08 19:48:27] [INFO] 基础路径检查通过
[2025-12-08 19:48:27] [INFO] 文件大小校验通过（96081字节 ≥ 10字节）
[2025-12-08 19:48:27] [INFO] 文件内容校验通过（有效行数：927行）
[2025-12-08 19:48:27] [INFO] 仓库安全权限配置完成
[2025-12-08 19:48:27] [INFO] 文件未发生变更，无需同步
[2025-12-08 19:58:27] 自动设置HOME环境变量为: /root
[2025-12-08 19:58:27] 详细日志行数超限，已截断为999行
[2025-12-08 19:58:27] [INFO] 基础路径检查通过
[2025-12-08 19:58:27] [INFO] 文件大小校验通过（96081字节 ≥ 10字节）
[2025-12-08 19:58:27] [INFO] 文件内容校验通过（有效行数：927行）
[2025-12-08 19:58:27] [INFO] 仓库安全权限配置完成
[2025-12-08 19:58:27] [INFO] 文件未发生变更，无需同步
[2025-12-08 20:08:27] 自动设置HOME环境变量为: /root
[2025-12-08 20:08:27] 详细日志行数超限，已截断为999行
[2025-12-08 20:08:27] [INFO] 基础路径检查通过
[2025-12-08 20:08:27] [INFO] 文件大小校验通过（96081字节 ≥ 10字节）
[2025-12-08 20:08:27] [INFO] 文件内容校验通过（有效行数：927行）
[2025-12-08 20:08:27] [INFO] 仓库安全权限配置完成
[2025-12-08 20:08:27] [INFO] 文件未发生变更，无需同步
[2025-12-08 20:18:27] 自动设置HOME环境变量为: /root
[2025-12-08 20:18:27] 详细日志行数超限，已截断为999行
[2025-12-08 20:18:27] [INFO] 基础路径检查通过
[2025-12-08 20:18:27] [INFO] 文件大小校验通过（96081字节 ≥ 10字节）
[2025-12-08 20:18:27] [INFO] 文件内容校验通过（有效行数：927行）
[2025-12-08 20:18:27] [INFO] 仓库安全权限配置完成
[2025-12-08 20:18:27] [INFO] 文件未发生变更，无需同步
[2025-12-08 20:28:27] 自动设置HOME环境变量为: /root
[2025-12-08 20:28:27] 详细日志行数超限，已截断为999行
[2025-12-08 20:28:27] [INFO] 基础路径检查通过
[2025-12-08 20:28:27] [INFO] 文件大小校验通过（96081字节 ≥ 10字节）
[2025-12-08 20:28:27] [INFO] 文件内容校验通过（有效行数：927行）
[2025-12-08 20:28:27] [INFO] 仓库安全权限配置完成
[2025-12-08 20:28:27] [INFO] 文件未发生变更，无需同步
[2025-12-08 20:38:27] 自动设置HOME环境变量为: /root
[2025-12-08 20:38:27] 详细日志行数超限，已截断为999行
[2025-12-08 20:38:27] [INFO] 基础路径检查通过
[2025-12-08 20:38:27] [INFO] 文件大小校验通过（96081字节 ≥ 10字节）
[2025-12-08 20:38:27] [INFO] 文件内容校验通过（有效行数：927行）
[2025-12-08 20:38:27] [INFO] 仓库安全权限配置完成
[2025-12-08 20:38:27] [INFO] 文件未发生变更，无需同步
[2025-12-08 20:48:27] 自动设置HOME环境变量为: /root
[2025-12-08 20:48:27] 详细日志行数超限，已截断为999行
[2025-12-08 20:48:27] [INFO] 基础路径检查通过
[2025-12-08 20:48:27] [INFO] 文件大小校验通过（96081字节 ≥ 10字节）
[2025-12-08 20:48:27] [INFO] 文件内容校验通过（有效行数：927行）
[2025-12-08 20:48:27] [INFO] 仓库安全权限配置完成
[2025-12-08 20:48:27] [INFO] 文件未发生变更，无需同步
[2025-12-08 21:24:15] 自动设置HOME环境变量为: /root
[2025-12-08 21:24:15] 详细日志行数超限，已截断为999行
[2025-12-08 21:24:15] [ERROR] Git仓库无效（缺少.git目录）（目标：/vol1/1000/github-cs/cs/.git）
[2025-12-08 21:26:41] 自动设置HOME环境变量为: /root
[2025-12-08 21:26:41] 详细日志行数超限，已截断为999行
[2025-12-08 21:26:41] [ERROR] Git仓库无效（缺少.git目录）（目标：/vol1/1000/github-cs/cs/.git）
[2025-12-08 22:34:53] 自动设置HOME环境变量为: /root
[2025-12-08 22:34:53] 详细日志行数超限，已截断为999行
[2025-12-08 22:34:53] [ERROR] Git仓库无效（缺少.git目录）（目标：/vol1/1000/github-cs/cs/.git）
